This is pdfTeX, Version 3.14159265-2.6-1.40.20 (TeX Live 2019) (preloaded format=pdflatex 2019.5.8)  6 FEB 2020 16:24
entering extended mode
 restricted \write18 enabled.
 file:line:error style messages enabled.
 %&-line parsing enabled.
**barrpubs.tex
(./barrpubs.tex
LaTeX2e <2018-12-01>

./barrpubs.tex:4: LaTeX Error: Lonely \item--perhaps a missing list environment
.

See the LaTeX manual or LaTeX Companion for explanation.
Type  H <return>  for immediate help.
 ...                                              
                                                  
l.4 \item G
           eraads D, {\bfseries Barr WA}, Reed DN, Laurin M, Alemseged Z. Ne...

? 
./barrpubs.tex:4: Emergency stop.
 ...                                              
                                                  
l.4 \item G
           eraads D, {\bfseries Barr WA}, Reed DN, Laurin M, Alemseged Z. Ne...

Try typing  <return>  to proceed.
If that doesn't work, type  X <return>  to quit.

 
Here is how much of TeX's memory you used:
 6 strings out of 492616
 288 string characters out of 6129482
 57124 words of memory out of 5000000
 4025 multiletter control sequences out of 15000+600000
 3640 words of font info for 14 fonts, out of 8000000 for 9000
 1141 hyphenation exceptions out of 8191
 7i,0n,7p,258b,19s stack positions out of 5000i,500n,10000p,200000b,80000s
./barrpubs.tex:4:  ==> Fatal error occurred, no output PDF file produced!
